<?xml version="1.0" encoding="UTF-8"?>
<!-- Generated by org.testng.reporters.JUnitXMLReporter -->
<testsuite hostname="LAPTOP-7G1190LN" ignored="0" name="CreatePortfolioTest" tests="2" failures="1" timestamp="2021-03-05T13:58:17 GMT" time="77.694" errors="0">
  <testcase name="createPortfolioTest" time="75.384" classname="com.qtpselenium.hybrid.SuiteA.CreatePortfolioTest">
    <failure type="java.lang.reflect.InvocationTargetException">
      <![CDATA[java.lang.reflect.InvocationTargetException
at com.qtpselenium.hybrid.driver.DriverScript.executeKeywords(DriverScript.java:32)
at com.qtpselenium.hybrid.SuiteA.CreatePortfolioTest.createPortfolioTest(CreatePortfolioTest.java:21)
at java.util.ArrayList.forEach(ArrayList.java:1259)
at java.util.concurrent.FutureTask.run(FutureTask.java:266)
at java.util.concurrent.ThreadPoolExecutor.runWorker(ThreadPoolExecutor.java:1149)
at java.util.concurrent.ThreadPoolExecutor$Worker.run(ThreadPoolExecutor.java:624)
at java.lang.Thread.run(Thread.java:748)
Caused by: java.lang.AssertionError: no such element: Unable to locate element: {"method":"xpath","selector":"//input[@id='userpass']/a"}
  (Session info: chrome=88.0.4324.190)
For documentation on this error, please visit: https://www.seleniumhq.org/exceptions/no_such_element.html
Build info: version: '3.141.59', revision: 'e82be7d358', time: '2018-11-14T08:17:03'
System info: host: 'LAPTOP-7G1190LN', ip: '192.168.0.13', os.name: 'Windows 10', os.arch: 'amd64', os.version: '10.0', java.version: '1.8'
Driver info: org.openqa.selenium.remote.RemoteWebDriver
Capabilities {acceptInsecureCerts: false, browserName: chrome, browserVersion: 88.0.4324.190, chrome: {chromedriverVersion: 88.0.4324.27 (6347fe8bf1e48..., userDataDir: C:\Users\adi_d\AppData\Loca...}, goog:chromeOptions: {debuggerAddress: localhost:53989}, javascriptEnabled: true, networkConnectionEnabled: false, pageLoadStrategy: normal, platform: WINDOWS, platformName: WINDOWS, proxy: Proxy(), setWindowRect: true, strictFileInteractability: false, timeouts: {implicit: 0, pageLoad: 300000, script: 30000}, unhandledPromptBehavior: dismiss and notify, webauthn:extension:largeBlob: true, webauthn:virtualAuthenticators: true, webdriver.remote.sessionid: ecb41177e03cf6871e554f20551...}
Session ID: ecb41177e03cf6871e554f20551bad17
*** Element info: {Using=xpath, value=//input[@id='userpass']/a}
at com.qtpselenium.hybrid.keywords.GenericKeywords.reportFailure(GenericKeywords.java:114)
at com.qtpselenium.hybrid.keywords.GenericKeywords.getObject(GenericKeywords.java:92)
at com.qtpselenium.hybrid.keywords.GenericKeywords.type(GenericKeywords.java:73)
... 29 more
... Removed 23 stack frames]]>
    </failure>
  </testcase> <!-- createPortfolioTest -->
  <testcase name="createPortfolioTest" time="0.002" classname="com.qtpselenium.hybrid.SuiteA.CreatePortfolioTest">
    <skipped/>
  </testcase> <!-- createPortfolioTest -->
</testsuite> <!-- CreatePortfolioTest -->
